<?xml version="1.0" encoding="UTF-8"?>
<testsuite xmlns:xsi="http://www.w3.org/2001/XMLSchema-instance" xsi:noNamespaceSchemaLocation="https://maven.apache.org/surefire/maven-surefire-plugin/xsd/surefire-test-report.xsd" name="junit5.MathUtilsTest" time="0.022" tests="1" errors="0" skipped="0" failures="0">
  <properties>
    <property name="sun.desktop" value="windows"/>
    <property name="awt.toolkit" value="sun.awt.windows.WToolkit"/>
    <property name="file.encoding.pkg" value="sun.io"/>
    <property name="java.specification.version" value="1.8"/>
    <property name="sun.cpu.isalist" value="amd64"/>
    <property name="sun.jnu.encoding" value="Cp1252"/>
    <property name="java.class.path" value="C:\Tech\Java\GitHub\UnitTestCases\JUnit5\JUnit5\target\test-classes;C:\Tech\Java\GitHub\UnitTestCases\JUnit5\JUnit5\target\classes;C:\Users\yeshwanth.jadhav\.m2\repository\junit\junit\4.12\junit-4.12.jar;C:\Users\yeshwanth.jadhav\.m2\repository\org\hamcrest\hamcrest-core\1.3\hamcrest-core-1.3.jar;C:\Users\yeshwanth.jadhav\.m2\repository\org\junit\vintage\junit-vintage-engine\5.4.0\junit-vintage-engine-5.4.0.jar;C:\Users\yeshwanth.jadhav\.m2\repository\org\apiguardian\apiguardian-api\1.0.0\apiguardian-api-1.0.0.jar;C:\Users\yeshwanth.jadhav\.m2\repository\org\junit\platform\junit-platform-engine\1.4.0\junit-platform-engine-1.4.0.jar;C:\Users\yeshwanth.jadhav\.m2\repository\org\junit\jupiter\junit-jupiter-api\5.4.0\junit-jupiter-api-5.4.0.jar;C:\Users\yeshwanth.jadhav\.m2\repository\org\opentest4j\opentest4j\1.1.1\opentest4j-1.1.1.jar;C:\Users\yeshwanth.jadhav\.m2\repository\org\junit\platform\junit-platform-commons\1.4.0\junit-platform-commons-1.4.0.jar;C:\Users\yeshwanth.jadhav\.m2\repository\org\junit\jupiter\junit-jupiter-engine\5.4.0\junit-jupiter-engine-5.4.0.jar;C:\Users\yeshwanth.jadhav\.m2\repository\org\junit\platform\junit-platform-runner\1.4.0\junit-platform-runner-1.4.0.jar;C:\Users\yeshwanth.jadhav\.m2\repository\org\junit\platform\junit-platform-launcher\1.4.0\junit-platform-launcher-1.4.0.jar;C:\Users\yeshwanth.jadhav\.m2\repository\org\junit\platform\junit-platform-suite-api\1.4.0\junit-platform-suite-api-1.4.0.jar;"/>
    <property name="java.vm.vendor" value="Oracle Corporation"/>
    <property name="sun.arch.data.model" value="64"/>
    <property name="user.variant" value=""/>
    <property name="java.vendor.url" value="http://java.oracle.com/"/>
    <property name="user.timezone" value="America/Chicago"/>
    <property name="java.vm.specification.version" value="1.8"/>
    <property name="os.name" value="Windows 10"/>
    <property name="user.country" value="US"/>
    <property name="sun.java.launcher" value="SUN_STANDARD"/>
    <property name="sun.boot.library.path" value="D:\Java\Softwares\jdk1.8.0_77\jre\bin"/>
    <property name="sun.java.command" value="C:\Users\YESHWA~1.JAD\AppData\Local\Temp\surefire7950755337267227234\surefirebooter5859260246413354634.jar C:\Users\yeshwanth.jadhav\AppData\Local\Temp\surefire7950755337267227234 2019-07-03T19-36-46_114-jvmRun1 surefire1159366271464002627tmp surefire_0768442774829913559tmp"/>
    <property name="surefire.test.class.path" value="C:\Tech\Java\GitHub\UnitTestCases\JUnit5\JUnit5\target\test-classes;C:\Tech\Java\GitHub\UnitTestCases\JUnit5\JUnit5\target\classes;C:\Users\yeshwanth.jadhav\.m2\repository\junit\junit\4.12\junit-4.12.jar;C:\Users\yeshwanth.jadhav\.m2\repository\org\hamcrest\hamcrest-core\1.3\hamcrest-core-1.3.jar;C:\Users\yeshwanth.jadhav\.m2\repository\org\junit\vintage\junit-vintage-engine\5.4.0\junit-vintage-engine-5.4.0.jar;C:\Users\yeshwanth.jadhav\.m2\repository\org\apiguardian\apiguardian-api\1.0.0\apiguardian-api-1.0.0.jar;C:\Users\yeshwanth.jadhav\.m2\repository\org\junit\platform\junit-platform-engine\1.4.0\junit-platform-engine-1.4.0.jar;C:\Users\yeshwanth.jadhav\.m2\repository\org\junit\jupiter\junit-jupiter-api\5.4.0\junit-jupiter-api-5.4.0.jar;C:\Users\yeshwanth.jadhav\.m2\repository\org\opentest4j\opentest4j\1.1.1\opentest4j-1.1.1.jar;C:\Users\yeshwanth.jadhav\.m2\repository\org\junit\platform\junit-platform-commons\1.4.0\junit-platform-commons-1.4.0.jar;C:\Users\yeshwanth.jadhav\.m2\repository\org\junit\jupiter\junit-jupiter-engine\5.4.0\junit-jupiter-engine-5.4.0.jar;C:\Users\yeshwanth.jadhav\.m2\repository\org\junit\platform\junit-platform-runner\1.4.0\junit-platform-runner-1.4.0.jar;C:\Users\yeshwanth.jadhav\.m2\repository\org\junit\platform\junit-platform-launcher\1.4.0\junit-platform-launcher-1.4.0.jar;C:\Users\yeshwanth.jadhav\.m2\repository\org\junit\platform\junit-platform-suite-api\1.4.0\junit-platform-suite-api-1.4.0.jar;"/>
    <property name="sun.cpu.endian" value="little"/>
    <property name="user.home" value="C:\Users\yeshwanth.jadhav"/>
    <property name="user.language" value="en"/>
    <property name="java.specification.vendor" value="Oracle Corporation"/>
    <property name="java.home" value="D:\Java\Softwares\jdk1.8.0_77\jre"/>
    <property name="basedir" value="C:\Tech\Java\GitHub\UnitTestCases\JUnit5\JUnit5"/>
    <property name="file.separator" value="\"/>
    <property name="line.separator" value="&#10;"/>
    <property name="java.vm.specification.vendor" value="Oracle Corporation"/>
    <property name="java.specification.name" value="Java Platform API Specification"/>
    <property name="java.awt.graphicsenv" value="sun.awt.Win32GraphicsEnvironment"/>
    <property name="surefire.real.class.path" value="C:\Users\YESHWA~1.JAD\AppData\Local\Temp\surefire7950755337267227234\surefirebooter5859260246413354634.jar"/>
    <property name="sun.boot.class.path" value="D:\Java\Softwares\jdk1.8.0_77\jre\lib\resources.jar;D:\Java\Softwares\jdk1.8.0_77\jre\lib\rt.jar;D:\Java\Softwares\jdk1.8.0_77\jre\lib\sunrsasign.jar;D:\Java\Softwares\jdk1.8.0_77\jre\lib\jsse.jar;D:\Java\Softwares\jdk1.8.0_77\jre\lib\jce.jar;D:\Java\Softwares\jdk1.8.0_77\jre\lib\charsets.jar;D:\Java\Softwares\jdk1.8.0_77\jre\lib\jfr.jar;D:\Java\Softwares\jdk1.8.0_77\jre\classes"/>
    <property name="user.script" value=""/>
    <property name="sun.management.compiler" value="HotSpot 64-Bit Tiered Compilers"/>
    <property name="java.runtime.version" value="1.8.0_77-b03"/>
    <property name="user.name" value="yeshwanth.jadhav"/>
    <property name="path.separator" value=";"/>
    <property name="os.version" value="10.0"/>
    <property name="java.endorsed.dirs" value="D:\Java\Softwares\jdk1.8.0_77\jre\lib\endorsed"/>
    <property name="java.runtime.name" value="Java(TM) SE Runtime Environment"/>
    <property name="file.encoding" value="Cp1252"/>
    <property name="java.vm.name" value="Java HotSpot(TM) 64-Bit Server VM"/>
    <property name="localRepository" value="C:\Users\yeshwanth.jadhav\.m2\repository"/>
    <property name="java.vendor.url.bug" value="http://bugreport.sun.com/bugreport/"/>
    <property name="java.io.tmpdir" value="C:\Users\YESHWA~1.JAD\AppData\Local\Temp\"/>
    <property name="java.version" value="1.8.0_77"/>
    <property name="user.dir" value="C:\Tech\Java\GitHub\UnitTestCases\JUnit5\JUnit5"/>
    <property name="os.arch" value="amd64"/>
    <property name="java.vm.specification.name" value="Java Virtual Machine Specification"/>
    <property name="java.awt.printerjob" value="sun.awt.windows.WPrinterJob"/>
    <property name="sun.os.patch.level" value=""/>
    <property name="java.library.path" value="D:\Java\Softwares\jdk1.8.0_77\jre\bin;C:\WINDOWS\Sun\Java\bin;C:\WINDOWS\system32;C:\WINDOWS;D:/Java/Softwares/jdk1.8.0_77/bin/../jre/bin/server;D:/Java/Softwares/jdk1.8.0_77/bin/../jre/bin;D:/Java/Softwares/jdk1.8.0_77/bin/../jre/lib/amd64;D:\Java\Softwares\jdk1.8.0_77\bin;C:\WINDOWS\system32;C:\WINDOWS;C:\WINDOWS\System32\Wbem;C:\WINDOWS\System32\WindowsPowerShell\v1.0\;D:\Java\Softwares\jdk1.8.0_77\bin;C:\Tech\Java\Zookeeper\zookeeper-3.4.8\bin;C:\Tech\Java\ApacheStorm\storm-0.9.1-incubating-SNAPSHOT-12182013\bin;C:\Tech\softwares\NodeJS\;C:\WINDOWS\System32\OpenSSH\;C:\Softwares\notepad\npp.6.1.4.bin\unicode\notepad++.exe;C:\Users\yeshwanth.jadhav\AppData\Local\Microsoft\WindowsApps;C:\Users\yeshwanth.jadhav\AppData\Roaming\npm;C:\Softwares\Microsoft VS Code\bin;C:\Softwares\notepad\npp.6.1.4.bin\unicode\notepad++.exe;;C:\Tech\Java\Spring\SpringBoot\sts-bundle\sts-3.7.3.RELEASE;;."/>
    <property name="java.vm.info" value="mixed mode"/>
    <property name="java.vendor" value="Oracle Corporation"/>
    <property name="java.vm.version" value="25.77-b03"/>
    <property name="java.ext.dirs" value="D:\Java\Softwares\jdk1.8.0_77\jre\lib\ext;C:\WINDOWS\Sun\Java\lib\ext"/>
    <property name="sun.io.unicode.encoding" value="UnicodeLittle"/>
    <property name="java.class.version" value="52.0"/>
  </properties>
  <testcase name="test" classname="junit5.MathUtilsTest" time="0.012"/>
</testsuite>